file /home/xxfan/fspClientLib/SConstruct,line 63:
	Configure(confdir = .sconf_temp)
scons: Configure: Checking whether gcc supports -Wall... 
scons: Configure: ".sconf_temp/conftest_0.c" is up to date.
scons: Configure: The original builder output was:
  |.sconf_temp/conftest_0.c <-
  |  |
  |  |void dummy(void);
  |  |void dummy(void) {}
  |  |
  |
scons: Configure: ".sconf_temp/conftest_0.o" is up to date.
scons: Configure: The original builder output was:
  |gcc -o .sconf_temp/conftest_0.o -c -Wall -Iinclude -Ip2pnat/include .sconf_temp/conftest_0.c
  |
scons: Configure: (cached) yes

scons: Configure: Checking whether gcc supports -W... 
scons: Configure: ".sconf_temp/conftest_1.c" is up to date.
scons: Configure: The original builder output was:
  |.sconf_temp/conftest_1.c <-
  |  |
  |  |void dummy(void);
  |  |void dummy(void) {}
  |  |
  |
scons: Configure: ".sconf_temp/conftest_1.o" is up to date.
scons: Configure: The original builder output was:
  |gcc -o .sconf_temp/conftest_1.o -c -Wall -W -Iinclude -Ip2pnat/include .sconf_temp/conftest_1.c
  |
scons: Configure: (cached) yes

scons: Configure: Checking whether gcc supports -Wstrict-prototypes... 
scons: Configure: ".sconf_temp/conftest_2.c" is up to date.
scons: Configure: The original builder output was:
  |.sconf_temp/conftest_2.c <-
  |  |
  |  |void dummy(void);
  |  |void dummy(void) {}
  |  |
  |
scons: Configure: ".sconf_temp/conftest_2.o" is up to date.
scons: Configure: The original builder output was:
  |gcc -o .sconf_temp/conftest_2.o -c -Wall -W -Wstrict-prototypes -Iinclude -Ip2pnat/include .sconf_temp/conftest_2.c
  |
scons: Configure: (cached) yes

scons: Configure: Checking whether gcc supports -Wmissing-prototypes... 
scons: Configure: ".sconf_temp/conftest_3.c" is up to date.
scons: Configure: The original builder output was:
  |.sconf_temp/conftest_3.c <-
  |  |
  |  |void dummy(void);
  |  |void dummy(void) {}
  |  |
  |
scons: Configure: ".sconf_temp/conftest_3.o" is up to date.
scons: Configure: The original builder output was:
  |gcc -o .sconf_temp/conftest_3.o -c -Wall -W -Wstrict-prototypes -Wmissing-prototypes -Iinclude -Ip2pnat/include .sconf_temp/conftest_3.c
  |
scons: Configure: (cached) yes

scons: Configure: Checking whether gcc supports -Wshadow... 
scons: Configure: ".sconf_temp/conftest_4.c" is up to date.
scons: Configure: The original builder output was:
  |.sconf_temp/conftest_4.c <-
  |  |
  |  |void dummy(void);
  |  |void dummy(void) {}
  |  |
  |
scons: Configure: ".sconf_temp/conftest_4.o" is up to date.
scons: Configure: The original builder output was:
  |gcc -o .sconf_temp/conftest_4.o -c -Wall -W -Wstrict-prototypes -Wmissing-prototypes -Wshadow -Iinclude -Ip2pnat/include .sconf_temp/conftest_4.c
  |
scons: Configure: (cached) yes

scons: Configure: Checking whether gcc supports -Wbad-function-cast... 
scons: Configure: ".sconf_temp/conftest_5.c" is up to date.
scons: Configure: The original builder output was:
  |.sconf_temp/conftest_5.c <-
  |  |
  |  |void dummy(void);
  |  |void dummy(void) {}
  |  |
  |
scons: Configure: ".sconf_temp/conftest_5.o" is up to date.
scons: Configure: The original builder output was:
  |gcc -o .sconf_temp/conftest_5.o -c -Wall -W -Wstrict-prototypes -Wmissing-prototypes -Wshadow -Wbad-function-cast -Iinclude -Ip2pnat/include .sconf_temp/conftest_5.c
  |
scons: Configure: (cached) yes

scons: Configure: Checking whether gcc supports -Wcast-qual... 
scons: Configure: ".sconf_temp/conftest_6.c" is up to date.
scons: Configure: The original builder output was:
  |.sconf_temp/conftest_6.c <-
  |  |
  |  |void dummy(void);
  |  |void dummy(void) {}
  |  |
  |
scons: Configure: ".sconf_temp/conftest_6.o" is up to date.
scons: Configure: The original builder output was:
  |gcc -o .sconf_temp/conftest_6.o -c -Wall -W -Wstrict-prototypes -Wmissing-prototypes -Wshadow -Wbad-function-cast -Wcast-qual -Iinclude -Ip2pnat/include .sconf_temp/conftest_6.c
  |
scons: Configure: (cached) yes

scons: Configure: Checking whether gcc supports -Wcast-align... 
scons: Configure: ".sconf_temp/conftest_7.c" is up to date.
scons: Configure: The original builder output was:
  |.sconf_temp/conftest_7.c <-
  |  |
  |  |void dummy(void);
  |  |void dummy(void) {}
  |  |
  |
scons: Configure: ".sconf_temp/conftest_7.o" is up to date.
scons: Configure: The original builder output was:
  |gcc -o .sconf_temp/conftest_7.o -c -Wall -W -Wstrict-prototypes -Wmissing-prototypes -Wshadow -Wbad-function-cast -Wcast-qual -Wcast-align -Iinclude -Ip2pnat/include .sconf_temp/conftest_7.c
  |
scons: Configure: (cached) yes

scons: Configure: Checking whether gcc supports -Wwrite-strings... 
scons: Configure: ".sconf_temp/conftest_8.c" is up to date.
scons: Configure: The original builder output was:
  |.sconf_temp/conftest_8.c <-
  |  |
  |  |void dummy(void);
  |  |void dummy(void) {}
  |  |
  |
scons: Configure: ".sconf_temp/conftest_8.o" is up to date.
scons: Configure: The original builder output was:
  |gcc -o .sconf_temp/conftest_8.o -c -Wall -W -Wstrict-prototypes -Wmissing-prototypes -Wshadow -Wbad-function-cast -Wcast-qual -Wcast-align -Wwrite-strings -Iinclude -Ip2pnat/include .sconf_temp/conftest_8.c
  |
scons: Configure: (cached) yes

scons: Configure: Checking whether gcc supports -Waggregate-return... 
scons: Configure: ".sconf_temp/conftest_9.c" is up to date.
scons: Configure: The original builder output was:
  |.sconf_temp/conftest_9.c <-
  |  |
  |  |void dummy(void);
  |  |void dummy(void) {}
  |  |
  |
scons: Configure: ".sconf_temp/conftest_9.o" is up to date.
scons: Configure: The original builder output was:
  |gcc -o .sconf_temp/conftest_9.o -c -Wall -W -Wstrict-prototypes -Wmissing-prototypes -Wshadow -Wbad-function-cast -Wcast-qual -Wcast-align -Wwrite-strings -Waggregate-return -Iinclude -Ip2pnat/include .sconf_temp/conftest_9.c
  |
scons: Configure: (cached) yes

scons: Configure: Checking whether gcc supports -Wmissing-declarations... 
scons: Configure: ".sconf_temp/conftest_10.c" is up to date.
scons: Configure: The original builder output was:
  |.sconf_temp/conftest_10.c <-
  |  |
  |  |void dummy(void);
  |  |void dummy(void) {}
  |  |
  |
scons: Configure: ".sconf_temp/conftest_10.o" is up to date.
scons: Configure: The original builder output was:
  |gcc -o .sconf_temp/conftest_10.o -c -Wall -W -Wstrict-prototypes -Wmissing-prototypes -Wshadow -Wbad-function-cast -Wcast-qual -Wcast-align -Wwrite-strings -Waggregate-return -Wmissing-declarations -Iinclude -Ip2pnat/include .sconf_temp/conftest_10.c
  |
scons: Configure: (cached) yes

scons: Configure: Checking whether gcc supports -Wmissing-format-attribute... 
scons: Configure: ".sconf_temp/conftest_11.c" is up to date.
scons: Configure: The original builder output was:
  |.sconf_temp/conftest_11.c <-
  |  |
  |  |void dummy(void);
  |  |void dummy(void) {}
  |  |
  |
scons: Configure: ".sconf_temp/conftest_11.o" is up to date.
scons: Configure: The original builder output was:
  |gcc -o .sconf_temp/conftest_11.o -c -Wall -W -Wstrict-prototypes -Wmissing-prototypes -Wshadow -Wbad-function-cast -Wcast-qual -Wcast-align -Wwrite-strings -Waggregate-return -Wmissing-declarations -Wmissing-format-attribute -Iinclude -Ip2pnat/include .sconf_temp/conftest_11.c
  |
scons: Configure: (cached) yes

scons: Configure: Checking whether gcc supports -Wnested-externs... 
scons: Configure: ".sconf_temp/conftest_12.c" is up to date.
scons: Configure: The original builder output was:
  |.sconf_temp/conftest_12.c <-
  |  |
  |  |void dummy(void);
  |  |void dummy(void) {}
  |  |
  |
scons: Configure: ".sconf_temp/conftest_12.o" is up to date.
scons: Configure: The original builder output was:
  |gcc -o .sconf_temp/conftest_12.o -c -Wall -W -Wstrict-prototypes -Wmissing-prototypes -Wshadow -Wbad-function-cast -Wcast-qual -Wcast-align -Wwrite-strings -Waggregate-return -Wmissing-declarations -Wmissing-format-attribute -Wnested-externs -Iinclude -Ip2pnat/include .sconf_temp/conftest_12.c
  |
scons: Configure: (cached) yes

scons: Configure: Checking whether gcc supports -ggdb... 
scons: Configure: ".sconf_temp/conftest_13.c" is up to date.
scons: Configure: The original builder output was:
  |.sconf_temp/conftest_13.c <-
  |  |
  |  |void dummy(void);
  |  |void dummy(void) {}
  |  |
  |
scons: Configure: ".sconf_temp/conftest_13.o" is up to date.
scons: Configure: The original builder output was:
  |gcc -o .sconf_temp/conftest_13.o -c -Wall -W -Wstrict-prototypes -Wmissing-prototypes -Wshadow -Wbad-function-cast -Wcast-qual -Wcast-align -Wwrite-strings -Waggregate-return -Wmissing-declarations -Wmissing-format-attribute -Wnested-externs -ggdb -Iinclude -Ip2pnat/include .sconf_temp/conftest_13.c
  |
scons: Configure: (cached) yes

scons: Configure: Checking whether gcc supports -fno-common... 
scons: Configure: ".sconf_temp/conftest_14.c" is up to date.
scons: Configure: The original builder output was:
  |.sconf_temp/conftest_14.c <-
  |  |
  |  |void dummy(void);
  |  |void dummy(void) {}
  |  |
  |
scons: Configure: ".sconf_temp/conftest_14.o" is up to date.
scons: Configure: The original builder output was:
  |gcc -o .sconf_temp/conftest_14.o -c -Wall -W -Wstrict-prototypes -Wmissing-prototypes -Wshadow -Wbad-function-cast -Wcast-qual -Wcast-align -Wwrite-strings -Waggregate-return -Wmissing-declarations -Wmissing-format-attribute -Wnested-externs -ggdb -fno-common -Iinclude -Ip2pnat/include .sconf_temp/conftest_14.c
  |
scons: Configure: (cached) yes

scons: Configure: Checking whether gcc supports -Wchar-subscripts... 
scons: Configure: ".sconf_temp/conftest_15.c" is up to date.
scons: Configure: The original builder output was:
  |.sconf_temp/conftest_15.c <-
  |  |
  |  |void dummy(void);
  |  |void dummy(void) {}
  |  |
  |
scons: Configure: ".sconf_temp/conftest_15.o" is up to date.
scons: Configure: The original builder output was:
  |gcc -o .sconf_temp/conftest_15.o -c -Wall -W -Wstrict-prototypes -Wmissing-prototypes -Wshadow -Wbad-function-cast -Wcast-qual -Wcast-align -Wwrite-strings -Waggregate-return -Wmissing-declarations -Wmissing-format-attribute -Wnested-externs -ggdb -fno-common -Wchar-subscripts -Iinclude -Ip2pnat/include .sconf_temp/conftest_15.c
  |
scons: Configure: (cached) yes

scons: Configure: Checking whether gcc supports -Wcomment... 
scons: Configure: ".sconf_temp/conftest_16.c" is up to date.
scons: Configure: The original builder output was:
  |.sconf_temp/conftest_16.c <-
  |  |
  |  |void dummy(void);
  |  |void dummy(void) {}
  |  |
  |
scons: Configure: ".sconf_temp/conftest_16.o" is up to date.
scons: Configure: The original builder output was:
  |gcc -o .sconf_temp/conftest_16.o -c -Wall -W -Wstrict-prototypes -Wmissing-prototypes -Wshadow -Wbad-function-cast -Wcast-qual -Wcast-align -Wwrite-strings -Waggregate-return -Wmissing-declarations -Wmissing-format-attribute -Wnested-externs -ggdb -fno-common -Wchar-subscripts -Wcomment -Iinclude -Ip2pnat/include .sconf_temp/conftest_16.c
  |
scons: Configure: (cached) yes

scons: Configure: Checking whether gcc supports -Wimplicit... 
scons: Configure: ".sconf_temp/conftest_17.c" is up to date.
scons: Configure: The original builder output was:
  |.sconf_temp/conftest_17.c <-
  |  |
  |  |void dummy(void);
  |  |void dummy(void) {}
  |  |
  |
scons: Configure: ".sconf_temp/conftest_17.o" is up to date.
scons: Configure: The original builder output was:
  |gcc -o .sconf_temp/conftest_17.o -c -Wall -W -Wstrict-prototypes -Wmissing-prototypes -Wshadow -Wbad-function-cast -Wcast-qual -Wcast-align -Wwrite-strings -Waggregate-return -Wmissing-declarations -Wmissing-format-attribute -Wnested-externs -ggdb -fno-common -Wchar-subscripts -Wcomment -Wimplicit -Iinclude -Ip2pnat/include .sconf_temp/conftest_17.c
  |
scons: Configure: (cached) yes

scons: Configure: Checking whether gcc supports -Wsequence-point... 
scons: Configure: ".sconf_temp/conftest_18.c" is up to date.
scons: Configure: The original builder output was:
  |.sconf_temp/conftest_18.c <-
  |  |
  |  |void dummy(void);
  |  |void dummy(void) {}
  |  |
  |
scons: Configure: ".sconf_temp/conftest_18.o" is up to date.
scons: Configure: The original builder output was:
  |gcc -o .sconf_temp/conftest_18.o -c -Wall -W -Wstrict-prototypes -Wmissing-prototypes -Wshadow -Wbad-function-cast -Wcast-qual -Wcast-align -Wwrite-strings -Waggregate-return -Wmissing-declarations -Wmissing-format-attribute -Wnested-externs -ggdb -fno-common -Wchar-subscripts -Wcomment -Wimplicit -Wsequence-point -Iinclude -Ip2pnat/include .sconf_temp/conftest_18.c
  |
scons: Configure: (cached) yes

scons: Configure: Checking whether gcc supports -Wreturn-type... 
scons: Configure: ".sconf_temp/conftest_19.c" is up to date.
scons: Configure: The original builder output was:
  |.sconf_temp/conftest_19.c <-
  |  |
  |  |void dummy(void);
  |  |void dummy(void) {}
  |  |
  |
scons: Configure: ".sconf_temp/conftest_19.o" is up to date.
scons: Configure: The original builder output was:
  |gcc -o .sconf_temp/conftest_19.o -c -Wall -W -Wstrict-prototypes -Wmissing-prototypes -Wshadow -Wbad-function-cast -Wcast-qual -Wcast-align -Wwrite-strings -Waggregate-return -Wmissing-declarations -Wmissing-format-attribute -Wnested-externs -ggdb -fno-common -Wchar-subscripts -Wcomment -Wimplicit -Wsequence-point -Wreturn-type -Iinclude -Ip2pnat/include .sconf_temp/conftest_19.c
  |
scons: Configure: (cached) yes

scons: Configure: Checking whether gcc supports -Wfloat-equal... 
scons: Configure: ".sconf_temp/conftest_20.c" is up to date.
scons: Configure: The original builder output was:
  |.sconf_temp/conftest_20.c <-
  |  |
  |  |void dummy(void);
  |  |void dummy(void) {}
  |  |
  |
scons: Configure: ".sconf_temp/conftest_20.o" is up to date.
scons: Configure: The original builder output was:
  |gcc -o .sconf_temp/conftest_20.o -c -Wall -W -Wstrict-prototypes -Wmissing-prototypes -Wshadow -Wbad-function-cast -Wcast-qual -Wcast-align -Wwrite-strings -Waggregate-return -Wmissing-declarations -Wmissing-format-attribute -Wnested-externs -ggdb -fno-common -Wchar-subscripts -Wcomment -Wimplicit -Wsequence-point -Wreturn-type -Wfloat-equal -Iinclude -Ip2pnat/include .sconf_temp/conftest_20.c
  |
scons: Configure: (cached) yes

scons: Configure: Checking whether gcc supports -Wno-system-headers... 
scons: Configure: ".sconf_temp/conftest_21.c" is up to date.
scons: Configure: The original builder output was:
  |.sconf_temp/conftest_21.c <-
  |  |
  |  |void dummy(void);
  |  |void dummy(void) {}
  |  |
  |
scons: Configure: ".sconf_temp/conftest_21.o" is up to date.
scons: Configure: The original builder output was:
  |gcc -o .sconf_temp/conftest_21.o -c -Wall -W -Wstrict-prototypes -Wmissing-prototypes -Wshadow -Wbad-function-cast -Wcast-qual -Wcast-align -Wwrite-strings -Waggregate-return -Wmissing-declarations -Wmissing-format-attribute -Wnested-externs -ggdb -fno-common -Wchar-subscripts -Wcomment -Wimplicit -Wsequence-point -Wreturn-type -Wfloat-equal -Wno-system-headers -Iinclude -Ip2pnat/include .sconf_temp/conftest_21.c
  |
scons: Configure: (cached) yes

scons: Configure: Checking whether gcc supports -Wredundant-decls... 
scons: Configure: ".sconf_temp/conftest_22.c" is up to date.
scons: Configure: The original builder output was:
  |.sconf_temp/conftest_22.c <-
  |  |
  |  |void dummy(void);
  |  |void dummy(void) {}
  |  |
  |
scons: Configure: ".sconf_temp/conftest_22.o" is up to date.
scons: Configure: The original builder output was:
  |gcc -o .sconf_temp/conftest_22.o -c -Wall -W -Wstrict-prototypes -Wmissing-prototypes -Wshadow -Wbad-function-cast -Wcast-qual -Wcast-align -Wwrite-strings -Waggregate-return -Wmissing-declarations -Wmissing-format-attribute -Wnested-externs -ggdb -fno-common -Wchar-subscripts -Wcomment -Wimplicit -Wsequence-point -Wreturn-type -Wfloat-equal -Wno-system-headers -Wredundant-decls -Iinclude -Ip2pnat/include .sconf_temp/conftest_22.c
  |
scons: Configure: (cached) yes

scons: Configure: Checking whether gcc supports -Wmissing-noreturn... 
scons: Configure: ".sconf_temp/conftest_23.c" is up to date.
scons: Configure: The original builder output was:
  |.sconf_temp/conftest_23.c <-
  |  |
  |  |void dummy(void);
  |  |void dummy(void) {}
  |  |
  |
scons: Configure: ".sconf_temp/conftest_23.o" is up to date.
scons: Configure: The original builder output was:
  |gcc -o .sconf_temp/conftest_23.o -c -Wall -W -Wstrict-prototypes -Wmissing-prototypes -Wshadow -Wbad-function-cast -Wcast-qual -Wcast-align -Wwrite-strings -Waggregate-return -Wmissing-declarations -Wmissing-format-attribute -Wnested-externs -ggdb -fno-common -Wchar-subscripts -Wcomment -Wimplicit -Wsequence-point -Wreturn-type -Wfloat-equal -Wno-system-headers -Wredundant-decls -Wmissing-noreturn -Iinclude -Ip2pnat/include .sconf_temp/conftest_23.c
  |
scons: Configure: (cached) yes

scons: Configure: Checking whether gcc supports -pedantic... 
scons: Configure: ".sconf_temp/conftest_24.c" is up to date.
scons: Configure: The original builder output was:
  |.sconf_temp/conftest_24.c <-
  |  |
  |  |void dummy(void);
  |  |void dummy(void) {}
  |  |
  |
scons: Configure: ".sconf_temp/conftest_24.o" is up to date.
scons: Configure: The original builder output was:
  |gcc -o .sconf_temp/conftest_24.o -c -Wall -W -Wstrict-prototypes -Wmissing-prototypes -Wshadow -Wbad-function-cast -Wcast-qual -Wcast-align -Wwrite-strings -Waggregate-return -Wmissing-declarations -Wmissing-format-attribute -Wnested-externs -ggdb -fno-common -Wchar-subscripts -Wcomment -Wimplicit -Wsequence-point -Wreturn-type -Wfloat-equal -Wno-system-headers -Wredundant-decls -Wmissing-noreturn -pedantic -Iinclude -Ip2pnat/include .sconf_temp/conftest_24.c
  |
scons: Configure: (cached) yes

scons: Configure: Checking whether gcc supports -Wlong-long... 
scons: Configure: ".sconf_temp/conftest_25.c" is up to date.
scons: Configure: The original builder output was:
  |.sconf_temp/conftest_25.c <-
  |  |
  |  |void dummy(void);
  |  |void dummy(void) {}
  |  |
  |
scons: Configure: ".sconf_temp/conftest_25.o" is up to date.
scons: Configure: The original builder output was:
  |gcc -o .sconf_temp/conftest_25.o -c -Wall -W -Wstrict-prototypes -Wmissing-prototypes -Wshadow -Wbad-function-cast -Wcast-qual -Wcast-align -Wwrite-strings -Waggregate-return -Wmissing-declarations -Wmissing-format-attribute -Wnested-externs -ggdb -fno-common -Wchar-subscripts -Wcomment -Wimplicit -Wsequence-point -Wreturn-type -Wfloat-equal -Wno-system-headers -Wredundant-decls -Wmissing-noreturn -pedantic -Wlong-long -Iinclude -Ip2pnat/include .sconf_temp/conftest_25.c
  |
scons: Configure: (cached) yes

scons: Configure: Checking whether gcc supports -Wundef... 
scons: Configure: ".sconf_temp/conftest_26.c" is up to date.
scons: Configure: The original builder output was:
  |.sconf_temp/conftest_26.c <-
  |  |
  |  |void dummy(void);
  |  |void dummy(void) {}
  |  |
  |
scons: Configure: ".sconf_temp/conftest_26.o" is up to date.
scons: Configure: The original builder output was:
  |gcc -o .sconf_temp/conftest_26.o -c -Wall -W -Wstrict-prototypes -Wmissing-prototypes -Wshadow -Wbad-function-cast -Wcast-qual -Wcast-align -Wwrite-strings -Waggregate-return -Wmissing-declarations -Wmissing-format-attribute -Wnested-externs -ggdb -fno-common -Wchar-subscripts -Wcomment -Wimplicit -Wsequence-point -Wreturn-type -Wfloat-equal -Wno-system-headers -Wredundant-decls -Wmissing-noreturn -pedantic -Wlong-long -Wundef -Iinclude -Ip2pnat/include .sconf_temp/conftest_26.c
  |
scons: Configure: (cached) yes

scons: Configure: Checking whether gcc supports -Winline... 
scons: Configure: ".sconf_temp/conftest_27.c" is up to date.
scons: Configure: The original builder output was:
  |.sconf_temp/conftest_27.c <-
  |  |
  |  |void dummy(void);
  |  |void dummy(void) {}
  |  |
  |
scons: Configure: ".sconf_temp/conftest_27.o" is up to date.
scons: Configure: The original builder output was:
  |gcc -o .sconf_temp/conftest_27.o -c -Wall -W -Wstrict-prototypes -Wmissing-prototypes -Wshadow -Wbad-function-cast -Wcast-qual -Wcast-align -Wwrite-strings -Waggregate-return -Wmissing-declarations -Wmissing-format-attribute -Wnested-externs -ggdb -fno-common -Wchar-subscripts -Wcomment -Wimplicit -Wsequence-point -Wreturn-type -Wfloat-equal -Wno-system-headers -Wredundant-decls -Wmissing-noreturn -pedantic -Wlong-long -Wundef -Winline -Iinclude -Ip2pnat/include .sconf_temp/conftest_27.c
  |
scons: Configure: (cached) yes

scons: Configure: Checking whether gcc supports -Wpointer-arith... 
scons: Configure: ".sconf_temp/conftest_28.c" is up to date.
scons: Configure: The original builder output was:
  |.sconf_temp/conftest_28.c <-
  |  |
  |  |void dummy(void);
  |  |void dummy(void) {}
  |  |
  |
scons: Configure: ".sconf_temp/conftest_28.o" is up to date.
scons: Configure: The original builder output was:
  |gcc -o .sconf_temp/conftest_28.o -c -Wall -W -Wstrict-prototypes -Wmissing-prototypes -Wshadow -Wbad-function-cast -Wcast-qual -Wcast-align -Wwrite-strings -Waggregate-return -Wmissing-declarations -Wmissing-format-attribute -Wnested-externs -ggdb -fno-common -Wchar-subscripts -Wcomment -Wimplicit -Wsequence-point -Wreturn-type -Wfloat-equal -Wno-system-headers -Wredundant-decls -Wmissing-noreturn -pedantic -Wlong-long -Wundef -Winline -Wpointer-arith -Iinclude -Ip2pnat/include .sconf_temp/conftest_28.c
  |
scons: Configure: (cached) yes

scons: Configure: Checking whether gcc supports -Wno-unused-parameter... 
scons: Configure: ".sconf_temp/conftest_29.c" is up to date.
scons: Configure: The original builder output was:
  |.sconf_temp/conftest_29.c <-
  |  |
  |  |void dummy(void);
  |  |void dummy(void) {}
  |  |
  |
scons: Configure: ".sconf_temp/conftest_29.o" is up to date.
scons: Configure: The original builder output was:
  |gcc -o .sconf_temp/conftest_29.o -c -Wall -W -Wstrict-prototypes -Wmissing-prototypes -Wshadow -Wbad-function-cast -Wcast-qual -Wcast-align -Wwrite-strings -Waggregate-return -Wmissing-declarations -Wmissing-format-attribute -Wnested-externs -ggdb -fno-common -Wchar-subscripts -Wcomment -Wimplicit -Wsequence-point -Wreturn-type -Wfloat-equal -Wno-system-headers -Wredundant-decls -Wmissing-noreturn -pedantic -Wlong-long -Wundef -Winline -Wpointer-arith -Wno-unused-parameter -Iinclude -Ip2pnat/include .sconf_temp/conftest_29.c
  |
scons: Configure: (cached) yes

scons: Configure: Checking whether gcc supports -Wno-cast-align... 
scons: Configure: ".sconf_temp/conftest_30.c" is up to date.
scons: Configure: The original builder output was:
  |.sconf_temp/conftest_30.c <-
  |  |
  |  |void dummy(void);
  |  |void dummy(void) {}
  |  |
  |
scons: Configure: ".sconf_temp/conftest_30.o" is up to date.
scons: Configure: The original builder output was:
  |gcc -o .sconf_temp/conftest_30.o -c -Wall -W -Wstrict-prototypes -Wmissing-prototypes -Wshadow -Wbad-function-cast -Wcast-qual -Wcast-align -Wwrite-strings -Waggregate-return -Wmissing-declarations -Wmissing-format-attribute -Wnested-externs -ggdb -fno-common -Wchar-subscripts -Wcomment -Wimplicit -Wsequence-point -Wreturn-type -Wfloat-equal -Wno-system-headers -Wredundant-decls -Wmissing-noreturn -pedantic -Wlong-long -Wundef -Winline -Wpointer-arith -Wno-unused-parameter -Wno-cast-align -Iinclude -Ip2pnat/include .sconf_temp/conftest_30.c
  |
scons: Configure: (cached) yes

scons: Configure: Checking for C type union semun... 
scons: Configure: ".sconf_temp/conftest_31.c" is up to date.
scons: Configure: The original builder output was:
  |.sconf_temp/conftest_31.c <-
  |  |
  |  |
  |  |#include <sys/types.h>
  |  |#include <sys/ipc.h>
  |  |#include <sys/sem.h>
  |  |
  |  |int main() {
  |  |  if ((union semun *) 0)
  |  |    return 0;
  |  |  if (sizeof (union semun))
  |  |    return 0;
  |  |}
  |  |
  |
scons: Configure: ".sconf_temp/conftest_31.o" is up to date.
scons: Configure: The original builder output was:
  |gcc -o .sconf_temp/conftest_31.o -c -Wall -W -Wstrict-prototypes -Wmissing-prototypes -Wshadow -Wbad-function-cast -Wcast-qual -Wcast-align -Wwrite-strings -Waggregate-return -Wmissing-declarations -Wmissing-format-attribute -Wnested-externs -ggdb -fno-common -Wchar-subscripts -Wcomment -Wimplicit -Wsequence-point -Wreturn-type -Wfloat-equal -Wno-system-headers -Wredundant-decls -Wmissing-noreturn -pedantic -Wlong-long -Wundef -Winline -Wpointer-arith -Wno-unused-parameter -Wno-cast-align -Iinclude -Ip2pnat/include .sconf_temp/conftest_31.c
  |
scons: Configure: Building ".sconf_temp/conftest_31" failed in a previous run and all its sources are up to date.
scons: Configure: The original builder output was:
  |gcc -o .sconf_temp/conftest_31 .sconf_temp/conftest_31.o -Lp2pnat/lib/x86 -lp2pnat
  |
scons: Configure: (cached) no

scons: Configure: checking whether dirent structure has member d_namlen... 
scons: Configure: ".sconf_temp/conftest_32.c" is up to date.
scons: Configure: The original builder output was:
  |.sconf_temp/conftest_32.c <-
  |  |
  |  |    #include <sys/types.h>
  |  |    #include <dirent.h>
  |  |
  |  |    void dummy(void);
  |  |    void dummy()
  |  |    {
  |  |	struct dirent d;
  |  |	d.d_namlen=0;
  |  |    }
  |  |    
  |
scons: Configure: Building ".sconf_temp/conftest_32.o" failed in a previous run and all its sources are up to date.
scons: Configure: The original builder output was:
  |gcc -o .sconf_temp/conftest_32.o -c -Wall -W -Wstrict-prototypes -Wmissing-prototypes -Wshadow -Wbad-function-cast -Wcast-qual -Wcast-align -Wwrite-strings -Waggregate-return -Wmissing-declarations -Wmissing-format-attribute -Wnested-externs -ggdb -fno-common -Wchar-subscripts -Wcomment -Wimplicit -Wsequence-point -Wreturn-type -Wfloat-equal -Wno-system-headers -Wredundant-decls -Wmissing-noreturn -pedantic -Wlong-long -Wundef -Winline -Wpointer-arith -Wno-unused-parameter -Wno-cast-align -D_SEM_SEMUN_UNDEFINED=1 -Iinclude -Ip2pnat/include .sconf_temp/conftest_32.c
  |
scons: Configure: (cached) no

scons: Configure: checking whether dirent structure has member d_fileno... 
scons: Configure: ".sconf_temp/conftest_33.c" is up to date.
scons: Configure: The original builder output was:
  |.sconf_temp/conftest_33.c <-
  |  |
  |  |    #include <sys/types.h>
  |  |    #include <dirent.h>
  |  |
  |  |    void dummy(void);
  |  |    void dummy()
  |  |    {
  |  |	struct dirent d;
  |  |	d.d_fileno=0;
  |  |    }
  |  |    
  |
scons: Configure: ".sconf_temp/conftest_33.o" is up to date.
scons: Configure: The original builder output was:
  |gcc -o .sconf_temp/conftest_33.o -c -Wall -W -Wstrict-prototypes -Wmissing-prototypes -Wshadow -Wbad-function-cast -Wcast-qual -Wcast-align -Wwrite-strings -Waggregate-return -Wmissing-declarations -Wmissing-format-attribute -Wnested-externs -ggdb -fno-common -Wchar-subscripts -Wcomment -Wimplicit -Wsequence-point -Wreturn-type -Wfloat-equal -Wno-system-headers -Wredundant-decls -Wmissing-noreturn -pedantic -Wlong-long -Wundef -Winline -Wpointer-arith -Wno-unused-parameter -Wno-cast-align -D_SEM_SEMUN_UNDEFINED=1 -Iinclude -Ip2pnat/include .sconf_temp/conftest_33.c
  |
scons: Configure: (cached) yes

scons: Configure: checking whether dirent structure has member d_type... 
scons: Configure: ".sconf_temp/conftest_34.c" is up to date.
scons: Configure: The original builder output was:
  |.sconf_temp/conftest_34.c <-
  |  |
  |  |    #include <sys/types.h>
  |  |    #include <dirent.h>
  |  |
  |  |    void dummy(void);
  |  |    void dummy()
  |  |    {
  |  |	struct dirent d;
  |  |	d.d_type=0;
  |  |    }
  |  |    
  |
scons: Configure: ".sconf_temp/conftest_34.o" is up to date.
scons: Configure: The original builder output was:
  |gcc -o .sconf_temp/conftest_34.o -c -Wall -W -Wstrict-prototypes -Wmissing-prototypes -Wshadow -Wbad-function-cast -Wcast-qual -Wcast-align -Wwrite-strings -Waggregate-return -Wmissing-declarations -Wmissing-format-attribute -Wnested-externs -ggdb -fno-common -Wchar-subscripts -Wcomment -Wimplicit -Wsequence-point -Wreturn-type -Wfloat-equal -Wno-system-headers -Wredundant-decls -Wmissing-noreturn -pedantic -Wlong-long -Wundef -Winline -Wpointer-arith -Wno-unused-parameter -Wno-cast-align -D_SEM_SEMUN_UNDEFINED=1 -DHAVE_DIRENT_FILENO -Iinclude -Ip2pnat/include .sconf_temp/conftest_34.c
  |
scons: Configure: (cached) yes

scons: Configure: Checking for C header file stdint.h... 
scons: Configure: ".sconf_temp/conftest_35.c" is up to date.
scons: Configure: The original builder output was:
  |.sconf_temp/conftest_35.c <-
  |  |
  |  |#include "stdint.h"
  |  |
  |  |
  |
scons: Configure: ".sconf_temp/conftest_35.o" is up to date.
scons: Configure: The original builder output was:
  |gcc -o .sconf_temp/conftest_35.o -c -Wall -W -Wstrict-prototypes -Wmissing-prototypes -Wshadow -Wbad-function-cast -Wcast-qual -Wcast-align -Wwrite-strings -Waggregate-return -Wmissing-declarations -Wmissing-format-attribute -Wnested-externs -ggdb -fno-common -Wchar-subscripts -Wcomment -Wimplicit -Wsequence-point -Wreturn-type -Wfloat-equal -Wno-system-headers -Wredundant-decls -Wmissing-noreturn -pedantic -Wlong-long -Wundef -Winline -Wpointer-arith -Wno-unused-parameter -Wno-cast-align -D_SEM_SEMUN_UNDEFINED=1 -DHAVE_DIRENT_FILENO -DHAVE_DIRENT_TYPE -Iinclude -Ip2pnat/include .sconf_temp/conftest_35.c
  |
scons: Configure: (cached) yes

scons: Configure: Checking for C function lockf()... 
scons: Configure: ".sconf_temp/conftest_36.c" is up to date.
scons: Configure: The original builder output was:
  |.sconf_temp/conftest_36.c <-
  |  |
  |  |
  |  |#include <assert.h>
  |  |
  |  |#ifdef __cplusplus
  |  |extern "C"
  |  |#endif
  |  |char lockf();
  |  |
  |  |int main() {
  |  |#if defined (__stub_lockf) || defined (__stub___lockf)
  |  |  fail fail fail
  |  |#else
  |  |  lockf();
  |  |#endif
  |  |
  |  |  return 0;
  |  |}
  |  |
  |
scons: Configure: ".sconf_temp/conftest_36.o" is up to date.
scons: Configure: The original builder output was:
  |gcc -o .sconf_temp/conftest_36.o -c -Wall -W -Wstrict-prototypes -Wmissing-prototypes -Wshadow -Wbad-function-cast -Wcast-qual -Wcast-align -Wwrite-strings -Waggregate-return -Wmissing-declarations -Wmissing-format-attribute -Wnested-externs -ggdb -fno-common -Wchar-subscripts -Wcomment -Wimplicit -Wsequence-point -Wreturn-type -Wfloat-equal -Wno-system-headers -Wredundant-decls -Wmissing-noreturn -pedantic -Wlong-long -Wundef -Winline -Wpointer-arith -Wno-unused-parameter -Wno-cast-align -D_SEM_SEMUN_UNDEFINED=1 -DHAVE_DIRENT_FILENO -DHAVE_DIRENT_TYPE -DHAVE_STDINT_H -Iinclude -Ip2pnat/include .sconf_temp/conftest_36.c
  |
scons: Configure: ".sconf_temp/conftest_36" is up to date.
scons: Configure: The original builder output was:
  |gcc -o .sconf_temp/conftest_36 .sconf_temp/conftest_36.o -Lp2pnat/lib/x86 -lp2pnat
  |
scons: Configure: (cached) yes

scons: Configure: Checking for C function semop()... 
scons: Configure: ".sconf_temp/conftest_37.c" is up to date.
scons: Configure: The original builder output was:
  |.sconf_temp/conftest_37.c <-
  |  |
  |  |
  |  |#include <assert.h>
  |  |
  |  |#ifdef __cplusplus
  |  |extern "C"
  |  |#endif
  |  |char semop();
  |  |
  |  |int main() {
  |  |#if defined (__stub_semop) || defined (__stub___semop)
  |  |  fail fail fail
  |  |#else
  |  |  semop();
  |  |#endif
  |  |
  |  |  return 0;
  |  |}
  |  |
  |
scons: Configure: ".sconf_temp/conftest_37.o" is up to date.
scons: Configure: The original builder output was:
  |gcc -o .sconf_temp/conftest_37.o -c -Wall -W -Wstrict-prototypes -Wmissing-prototypes -Wshadow -Wbad-function-cast -Wcast-qual -Wcast-align -Wwrite-strings -Waggregate-return -Wmissing-declarations -Wmissing-format-attribute -Wnested-externs -ggdb -fno-common -Wchar-subscripts -Wcomment -Wimplicit -Wsequence-point -Wreturn-type -Wfloat-equal -Wno-system-headers -Wredundant-decls -Wmissing-noreturn -pedantic -Wlong-long -Wundef -Winline -Wpointer-arith -Wno-unused-parameter -Wno-cast-align -D_SEM_SEMUN_UNDEFINED=1 -DHAVE_DIRENT_FILENO -DHAVE_DIRENT_TYPE -DHAVE_STDINT_H -Iinclude -Ip2pnat/include .sconf_temp/conftest_37.c
  |
scons: Configure: ".sconf_temp/conftest_37" is up to date.
scons: Configure: The original builder output was:
  |gcc -o .sconf_temp/conftest_37 .sconf_temp/conftest_37.o -Lp2pnat/lib/x86 -lp2pnat
  |
scons: Configure: (cached) yes

scons: Configure: Checking for C function shmget()... 
scons: Configure: ".sconf_temp/conftest_38.c" is up to date.
scons: Configure: The original builder output was:
  |.sconf_temp/conftest_38.c <-
  |  |
  |  |
  |  |#include <assert.h>
  |  |
  |  |#ifdef __cplusplus
  |  |extern "C"
  |  |#endif
  |  |char shmget();
  |  |
  |  |int main() {
  |  |#if defined (__stub_shmget) || defined (__stub___shmget)
  |  |  fail fail fail
  |  |#else
  |  |  shmget();
  |  |#endif
  |  |
  |  |  return 0;
  |  |}
  |  |
  |
scons: Configure: ".sconf_temp/conftest_38.o" is up to date.
scons: Configure: The original builder output was:
  |gcc -o .sconf_temp/conftest_38.o -c -Wall -W -Wstrict-prototypes -Wmissing-prototypes -Wshadow -Wbad-function-cast -Wcast-qual -Wcast-align -Wwrite-strings -Waggregate-return -Wmissing-declarations -Wmissing-format-attribute -Wnested-externs -ggdb -fno-common -Wchar-subscripts -Wcomment -Wimplicit -Wsequence-point -Wreturn-type -Wfloat-equal -Wno-system-headers -Wredundant-decls -Wmissing-noreturn -pedantic -Wlong-long -Wundef -Winline -Wpointer-arith -Wno-unused-parameter -Wno-cast-align -D_SEM_SEMUN_UNDEFINED=1 -DHAVE_DIRENT_FILENO -DHAVE_DIRENT_TYPE -DHAVE_STDINT_H -Iinclude -Ip2pnat/include .sconf_temp/conftest_38.c
  |
scons: Configure: ".sconf_temp/conftest_38" is up to date.
scons: Configure: The original builder output was:
  |gcc -o .sconf_temp/conftest_38 .sconf_temp/conftest_38.o -Lp2pnat/lib/x86 -lp2pnat
  |
scons: Configure: (cached) yes

scons: Configure: Checking for C function flock()... 
scons: Configure: ".sconf_temp/conftest_39.c" is up to date.
scons: Configure: The original builder output was:
  |.sconf_temp/conftest_39.c <-
  |  |
  |  |
  |  |#include <assert.h>
  |  |
  |  |#ifdef __cplusplus
  |  |extern "C"
  |  |#endif
  |  |char flock();
  |  |
  |  |int main() {
  |  |#if defined (__stub_flock) || defined (__stub___flock)
  |  |  fail fail fail
  |  |#else
  |  |  flock();
  |  |#endif
  |  |
  |  |  return 0;
  |  |}
  |  |
  |
scons: Configure: ".sconf_temp/conftest_39.o" is up to date.
scons: Configure: The original builder output was:
  |gcc -o .sconf_temp/conftest_39.o -c -Wall -W -Wstrict-prototypes -Wmissing-prototypes -Wshadow -Wbad-function-cast -Wcast-qual -Wcast-align -Wwrite-strings -Waggregate-return -Wmissing-declarations -Wmissing-format-attribute -Wnested-externs -ggdb -fno-common -Wchar-subscripts -Wcomment -Wimplicit -Wsequence-point -Wreturn-type -Wfloat-equal -Wno-system-headers -Wredundant-decls -Wmissing-noreturn -pedantic -Wlong-long -Wundef -Winline -Wpointer-arith -Wno-unused-parameter -Wno-cast-align -D_SEM_SEMUN_UNDEFINED=1 -DHAVE_DIRENT_FILENO -DHAVE_DIRENT_TYPE -DHAVE_STDINT_H -Iinclude -Ip2pnat/include .sconf_temp/conftest_39.c
  |
scons: Configure: ".sconf_temp/conftest_39" is up to date.
scons: Configure: The original builder output was:
  |gcc -o .sconf_temp/conftest_39 .sconf_temp/conftest_39.o -Lp2pnat/lib/x86 -lp2pnat
  |
scons: Configure: (cached) yes

scons: Configure: Checking for FSP locking type... 
scons: Configure: (cached) semop and shmget

scons: Configure: Checking for user supplied lockprefix... 
scons: Configure: (cached) no

scons: Configure: Checking for user supplied prefix... 
scons: Configure: (cached) no

scons: Configure: checking whether to build shared library... 
scons: Configure: (cached) no

scons: Configure: Checking whether to enable maintainer mode... 
scons: Configure: (cached) no


